D:\Dokumente\Visual Studio 2010\Projects\Metis\Debug\Metis.pdb
D:\DOKUMENTE\VISUAL STUDIO 2010\PROJECTS\METIS\METIS\DEBUG\BALANCE.OBJ
D:\DOKUMENTE\VISUAL STUDIO 2010\PROJECTS\METIS\METIS\DEBUG\BUCKETSORT.OBJ
D:\DOKUMENTE\VISUAL STUDIO 2010\PROJECTS\METIS\METIS\DEBUG\CCGRAPH.OBJ
D:\Dokumente\Visual Studio 2010\Projects\Metis\Metis\Debug\cl.command.1.tlog
D:\Dokumente\Visual Studio 2010\Projects\Metis\Metis\Debug\CL.read.1.tlog
D:\Dokumente\Visual Studio 2010\Projects\Metis\Metis\Debug\CL.write.1.tlog
D:\DOKUMENTE\VISUAL STUDIO 2010\PROJECTS\METIS\METIS\DEBUG\COARSEN.OBJ
D:\DOKUMENTE\VISUAL STUDIO 2010\PROJECTS\METIS\METIS\DEBUG\COMPRESS.OBJ
D:\DOKUMENTE\VISUAL STUDIO 2010\PROJECTS\METIS\METIS\DEBUG\DEBUG.OBJ
D:\DOKUMENTE\VISUAL STUDIO 2010\PROJECTS\METIS\METIS\DEBUG\ESTMEM.OBJ
D:\DOKUMENTE\VISUAL STUDIO 2010\PROJECTS\METIS\METIS\DEBUG\FM.OBJ
D:\DOKUMENTE\VISUAL STUDIO 2010\PROJECTS\METIS\METIS\DEBUG\FORTRAN.OBJ
D:\DOKUMENTE\VISUAL STUDIO 2010\PROJECTS\METIS\METIS\DEBUG\FRENAME.OBJ
D:\DOKUMENTE\VISUAL STUDIO 2010\PROJECTS\METIS\METIS\DEBUG\GRAPH.OBJ
D:\DOKUMENTE\VISUAL STUDIO 2010\PROJECTS\METIS\METIS\DEBUG\INITPART.OBJ
D:\DOKUMENTE\VISUAL STUDIO 2010\PROJECTS\METIS\METIS\DEBUG\KMETIS.OBJ
D:\DOKUMENTE\VISUAL STUDIO 2010\PROJECTS\METIS\METIS\DEBUG\KVMETIS.OBJ
D:\DOKUMENTE\VISUAL STUDIO 2010\PROJECTS\METIS\METIS\DEBUG\KWAYFM.OBJ
D:\DOKUMENTE\VISUAL STUDIO 2010\PROJECTS\METIS\METIS\DEBUG\KWAYREFINE.OBJ
D:\DOKUMENTE\VISUAL STUDIO 2010\PROJECTS\METIS\METIS\DEBUG\KWAYVOLFM.OBJ
D:\DOKUMENTE\VISUAL STUDIO 2010\PROJECTS\METIS\METIS\DEBUG\KWAYVOLREFINE.OBJ
D:\Dokumente\Visual Studio 2010\Projects\Metis\Metis\Debug\link.command.1.tlog
D:\Dokumente\Visual Studio 2010\Projects\Metis\Metis\Debug\link.read.1.tlog
D:\Dokumente\Visual Studio 2010\Projects\Metis\Metis\Debug\link.write.1.tlog
D:\DOKUMENTE\VISUAL STUDIO 2010\PROJECTS\METIS\METIS\DEBUG\MATCH.OBJ
D:\DOKUMENTE\VISUAL STUDIO 2010\PROJECTS\METIS\METIS\DEBUG\MBALANCE.OBJ
D:\DOKUMENTE\VISUAL STUDIO 2010\PROJECTS\METIS\METIS\DEBUG\MBALANCE2.OBJ
D:\DOKUMENTE\VISUAL STUDIO 2010\PROJECTS\METIS\METIS\DEBUG\MCOARSEN.OBJ
D:\DOKUMENTE\VISUAL STUDIO 2010\PROJECTS\METIS\METIS\DEBUG\MEMORY.OBJ
D:\DOKUMENTE\VISUAL STUDIO 2010\PROJECTS\METIS\METIS\DEBUG\MESH.OBJ
D:\DOKUMENTE\VISUAL STUDIO 2010\PROJECTS\METIS\METIS\DEBUG\MESHPART.OBJ
D:\Dokumente\Visual Studio 2010\Projects\Metis\Metis\Debug\Metis.dll.intermediate.manifest
D:\DOKUMENTE\VISUAL STUDIO 2010\PROJECTS\METIS\METIS\DEBUG\MFM.OBJ
D:\DOKUMENTE\VISUAL STUDIO 2010\PROJECTS\METIS\METIS\DEBUG\MFM2.OBJ
D:\DOKUMENTE\VISUAL STUDIO 2010\PROJECTS\METIS\METIS\DEBUG\MINCOVER.OBJ
D:\DOKUMENTE\VISUAL STUDIO 2010\PROJECTS\METIS\METIS\DEBUG\MINITPART.OBJ
D:\DOKUMENTE\VISUAL STUDIO 2010\PROJECTS\METIS\METIS\DEBUG\MINITPART2.OBJ
D:\DOKUMENTE\VISUAL STUDIO 2010\PROJECTS\METIS\METIS\DEBUG\MKMETIS.OBJ
D:\DOKUMENTE\VISUAL STUDIO 2010\PROJECTS\METIS\METIS\DEBUG\MKWAYFMH.OBJ
D:\DOKUMENTE\VISUAL STUDIO 2010\PROJECTS\METIS\METIS\DEBUG\MKWAYREFINE.OBJ
D:\DOKUMENTE\VISUAL STUDIO 2010\PROJECTS\METIS\METIS\DEBUG\MMATCH.OBJ
D:\DOKUMENTE\VISUAL STUDIO 2010\PROJECTS\METIS\METIS\DEBUG\MMD.OBJ
D:\DOKUMENTE\VISUAL STUDIO 2010\PROJECTS\METIS\METIS\DEBUG\MPMETIS.OBJ
D:\DOKUMENTE\VISUAL STUDIO 2010\PROJECTS\METIS\METIS\DEBUG\MREFINE.OBJ
D:\DOKUMENTE\VISUAL STUDIO 2010\PROJECTS\METIS\METIS\DEBUG\MREFINE2.OBJ
D:\DOKUMENTE\VISUAL STUDIO 2010\PROJECTS\METIS\METIS\DEBUG\MUTIL.OBJ
D:\DOKUMENTE\VISUAL STUDIO 2010\PROJECTS\METIS\METIS\DEBUG\MYQSORT.OBJ
D:\DOKUMENTE\VISUAL STUDIO 2010\PROJECTS\METIS\METIS\DEBUG\OMETIS.OBJ
D:\DOKUMENTE\VISUAL STUDIO 2010\PROJECTS\METIS\METIS\DEBUG\PARMETIS.OBJ
D:\DOKUMENTE\VISUAL STUDIO 2010\PROJECTS\METIS\METIS\DEBUG\PMETIS.OBJ
D:\DOKUMENTE\VISUAL STUDIO 2010\PROJECTS\METIS\METIS\DEBUG\PQUEUE.OBJ
D:\DOKUMENTE\VISUAL STUDIO 2010\PROJECTS\METIS\METIS\DEBUG\REFINE.OBJ
D:\DOKUMENTE\VISUAL STUDIO 2010\PROJECTS\METIS\METIS\DEBUG\SEPARATOR.OBJ
D:\DOKUMENTE\VISUAL STUDIO 2010\PROJECTS\METIS\METIS\DEBUG\SFM.OBJ
D:\DOKUMENTE\VISUAL STUDIO 2010\PROJECTS\METIS\METIS\DEBUG\SREFINE.OBJ
D:\DOKUMENTE\VISUAL STUDIO 2010\PROJECTS\METIS\METIS\DEBUG\STAT.OBJ
D:\DOKUMENTE\VISUAL STUDIO 2010\PROJECTS\METIS\METIS\DEBUG\SUBDOMAINS.OBJ
D:\DOKUMENTE\VISUAL STUDIO 2010\PROJECTS\METIS\METIS\DEBUG\TIMING.OBJ
D:\DOKUMENTE\VISUAL STUDIO 2010\PROJECTS\METIS\METIS\DEBUG\UTIL.OBJ
D:\Dokumente\Visual Studio 2010\Projects\Metis\Metis\Debug\vc100.idb
D:\DOKUMENTE\VISUAL STUDIO 2010\PROJECTS\METIS\METIS\DEBUG\VC100.PDB
